nohup: ignoring input
Log directory: ./experiments/astgcn/RUTH/
2026-01-26 16:59:27,955 - Namespace(device='cuda:0', dataset='RUTH', years='morning_speed', model_name='astgcn', seed=2026, bs=16, seq_len=12, horizon=12, input_dim=3, output_dim=1, mode='train', max_epochs=100, patience=30, order=3, nb_block=2, nb_chev_filter=64, nb_time_filter=64, time_stride=1, lrate=0.001, wdecay=0.0001, clip_grad_value=5)
2026-01-26 16:59:27,956 - Adj path: /home/ubuntu/RuthST/RuthST/data/ruth/ruth_adj_matrix.npy
2026-01-26 16:59:30,835 - Data shape: (10367, 2453, 3)
2026-01-26 16:59:31,747 - Sample num: 6068, Batch num: 379
2026-01-26 16:59:32,660 - Sample num: 2024, Batch num: 126
2026-01-26 16:59:33,573 - Sample num: 2022, Batch num: 126
2026-01-26 16:59:34,234 - The number of parameters: 24291099
2026-01-26 16:59:34,235 - Start training!
Check mask value tensor(9.5367e-07, device='cuda:0')
2026-01-26 17:09:10,474 - Epoch: 001, Train Loss: 3.8090, Train RMSE: 6.3200, Train MAPE: 27.1228, Valid Loss: 3.1997, Valid RMSE: 5.8705, Valid MAPE: 4.6757, Train Time: 509.9783s/epoch, Valid Time: 66.2598s, LR: 1.0000e-03
2026-01-26 17:09:10,546 - Val loss decrease from inf to 3.1997
2026-01-26 17:18:49,310 - Epoch: 002, Train Loss: 3.0818, Train RMSE: 5.3828, Train MAPE: 27.9639, Valid Loss: 2.9914, Valid RMSE: 5.5768, Valid MAPE: 4.4010, Train Time: 512.7263s/epoch, Valid Time: 66.0374s, LR: 9.9975e-04
2026-01-26 17:18:49,419 - Val loss decrease from 3.1997 to 2.9914
2026-01-26 17:28:28,083 - Epoch: 003, Train Loss: 3.0058, Train RMSE: 5.2440, Train MAPE: 27.6965, Valid Loss: 3.1217, Valid RMSE: 5.5470, Valid MAPE: 4.2660, Train Time: 512.6924s/epoch, Valid Time: 65.9721s, LR: 9.9901e-04
2026-01-26 17:38:08,288 - Epoch: 004, Train Loss: 2.9505, Train RMSE: 5.1868, Train MAPE: 27.1280, Valid Loss: 3.0904, Valid RMSE: 5.5026, Valid MAPE: 4.2015, Train Time: 513.9719s/epoch, Valid Time: 66.2328s, LR: 9.9778e-04
2026-01-26 17:47:50,214 - Epoch: 005, Train Loss: 2.9560, Train RMSE: 5.1553, Train MAPE: 26.9812, Valid Loss: 3.0377, Valid RMSE: 5.4352, Valid MAPE: 4.1344, Train Time: 515.2247s/epoch, Valid Time: 66.7009s, LR: 9.9606e-04
2026-01-26 17:57:30,188 - Epoch: 006, Train Loss: 2.9052, Train RMSE: 5.0722, Train MAPE: 26.5649, Valid Loss: 2.8650, Valid RMSE: 5.2756, Valid MAPE: 4.2403, Train Time: 513.3497s/epoch, Valid Time: 66.6238s, LR: 9.9385e-04
2026-01-26 17:57:30,297 - Val loss decrease from 2.9914 to 2.8650
2026-01-26 18:07:12,047 - Epoch: 007, Train Loss: 2.8804, Train RMSE: 5.0179, Train MAPE: 25.8938, Valid Loss: 2.8932, Valid RMSE: 5.2127, Valid MAPE: 4.2453, Train Time: 515.3065s/epoch, Valid Time: 66.4439s, LR: 9.9115e-04
2026-01-26 18:16:52,744 - Epoch: 008, Train Loss: 2.8399, Train RMSE: 4.9614, Train MAPE: 25.4329, Valid Loss: 2.8003, Valid RMSE: 5.1648, Valid MAPE: 4.0495, Train Time: 514.5822s/epoch, Valid Time: 66.1143s, LR: 9.8797e-04
2026-01-26 18:16:52,846 - Val loss decrease from 2.8650 to 2.8003
2026-01-26 18:26:33,564 - Epoch: 009, Train Loss: 2.8224, Train RMSE: 4.9277, Train MAPE: 25.0869, Valid Loss: 2.8988, Valid RMSE: 5.1932, Valid MAPE: 3.9470, Train Time: 514.2607s/epoch, Valid Time: 66.4579s, LR: 9.8431e-04
2026-01-26 18:36:12,847 - Epoch: 010, Train Loss: 2.8159, Train RMSE: 4.9070, Train MAPE: 24.9340, Valid Loss: 2.8265, Valid RMSE: 5.1747, Valid MAPE: 3.8853, Train Time: 512.9072s/epoch, Valid Time: 66.3757s, LR: 9.8017e-04
2026-01-26 18:45:52,552 - Epoch: 011, Train Loss: 2.8009, Train RMSE: 4.8985, Train MAPE: 24.8571, Valid Loss: 2.9252, Valid RMSE: 5.1869, Valid MAPE: 3.7947, Train Time: 513.8621s/epoch, Valid Time: 65.8419s, LR: 9.7555e-04
2026-01-26 18:55:30,544 - Epoch: 012, Train Loss: 2.7778, Train RMSE: 4.8566, Train MAPE: 24.6685, Valid Loss: 2.8409, Valid RMSE: 5.0455, Valid MAPE: 4.1135, Train Time: 512.3932s/epoch, Valid Time: 65.5986s, LR: 9.7047e-04
2026-01-26 19:05:08,125 - Epoch: 013, Train Loss: 2.7365, Train RMSE: 4.8054, Train MAPE: 23.8043, Valid Loss: 2.7944, Valid RMSE: 4.9821, Valid MAPE: 3.7908, Train Time: 511.7176s/epoch, Valid Time: 65.8632s, LR: 9.6492e-04
2026-01-26 19:05:08,227 - Val loss decrease from 2.8003 to 2.7944
2026-01-26 19:14:45,780 - Epoch: 014, Train Loss: 2.7231, Train RMSE: 4.7752, Train MAPE: 24.2971, Valid Loss: 2.7474, Valid RMSE: 4.9678, Valid MAPE: 3.8402, Train Time: 511.9670s/epoch, Valid Time: 65.5855s, LR: 9.5892e-04
2026-01-26 19:14:45,891 - Val loss decrease from 2.7944 to 2.7474
2026-01-26 19:24:22,806 - Epoch: 015, Train Loss: 2.7002, Train RMSE: 4.7385, Train MAPE: 24.1997, Valid Loss: 2.5761, Valid RMSE: 4.8635, Valid MAPE: 3.8451, Train Time: 511.6167s/epoch, Valid Time: 65.2987s, LR: 9.5246e-04
2026-01-26 19:24:22,912 - Val loss decrease from 2.7474 to 2.5761
2026-01-26 19:33:59,468 - Epoch: 016, Train Loss: 2.6429, Train RMSE: 4.6573, Train MAPE: 24.0984, Valid Loss: 2.7347, Valid RMSE: 4.8290, Valid MAPE: 4.0186, Train Time: 510.8549s/epoch, Valid Time: 65.7009s, LR: 9.4556e-04
2026-01-26 19:43:36,681 - Epoch: 017, Train Loss: 2.6311, Train RMSE: 4.6253, Train MAPE: 24.1855, Valid Loss: 2.5794, Valid RMSE: 4.7673, Valid MAPE: 3.9311, Train Time: 511.6226s/epoch, Valid Time: 65.5898s, LR: 9.3822e-04
2026-01-26 19:53:14,111 - Epoch: 018, Train Loss: 2.6429, Train RMSE: 4.6306, Train MAPE: 24.0569, Valid Loss: 2.7829, Valid RMSE: 4.7887, Valid MAPE: 3.6961, Train Time: 511.7670s/epoch, Valid Time: 65.6623s, LR: 9.3044e-04
2026-01-26 20:02:51,301 - Epoch: 019, Train Loss: 2.6327, Train RMSE: 4.6112, Train MAPE: 23.8611, Valid Loss: 2.5736, Valid RMSE: 4.7305, Valid MAPE: 3.8115, Train Time: 511.3927s/epoch, Valid Time: 65.7980s, LR: 9.2224e-04
2026-01-26 20:02:51,404 - Val loss decrease from 2.5761 to 2.5736
2026-01-26 20:12:28,077 - Epoch: 020, Train Loss: 2.6113, Train RMSE: 4.5991, Train MAPE: 24.2204, Valid Loss: 2.5425, Valid RMSE: 4.6727, Valid MAPE: 3.9798, Train Time: 510.9815s/epoch, Valid Time: 65.6919s, LR: 9.1363e-04
2026-01-26 20:12:28,189 - Val loss decrease from 2.5736 to 2.5425
2026-01-26 20:22:04,906 - Epoch: 021, Train Loss: 2.5926, Train RMSE: 4.5832, Train MAPE: 23.8701, Valid Loss: 2.5070, Valid RMSE: 4.6655, Valid MAPE: 3.9171, Train Time: 511.0448s/epoch, Valid Time: 65.6719s, LR: 9.0460e-04
2026-01-26 20:22:05,014 - Val loss decrease from 2.5425 to 2.5070
2026-01-26 20:31:41,794 - Epoch: 022, Train Loss: 2.5516, Train RMSE: 4.5240, Train MAPE: 22.9700, Valid Loss: 2.4337, Valid RMSE: 4.6233, Valid MAPE: 3.8400, Train Time: 510.9320s/epoch, Valid Time: 65.8469s, LR: 8.9518e-04
2026-01-26 20:31:41,915 - Val loss decrease from 2.5070 to 2.4337
2026-01-26 20:41:18,437 - Epoch: 023, Train Loss: 2.5504, Train RMSE: 4.5179, Train MAPE: 24.2594, Valid Loss: 2.5529, Valid RMSE: 4.6586, Valid MAPE: 3.9291, Train Time: 510.7006s/epoch, Valid Time: 65.8207s, LR: 8.8537e-04
2026-01-26 20:50:54,805 - Epoch: 024, Train Loss: 2.5504, Train RMSE: 4.5100, Train MAPE: 23.6485, Valid Loss: 2.4775, Valid RMSE: 4.5950, Valid MAPE: 3.7993, Train Time: 510.7741s/epoch, Valid Time: 65.5940s, LR: 8.7518e-04
2026-01-26 21:00:31,419 - Epoch: 025, Train Loss: 2.5316, Train RMSE: 4.5069, Train MAPE: 23.6975, Valid Loss: 2.4268, Valid RMSE: 4.5783, Valid MAPE: 3.7577, Train Time: 510.9415s/epoch, Valid Time: 65.6720s, LR: 8.6462e-04
2026-01-26 21:00:31,530 - Val loss decrease from 2.4337 to 2.4268
2026-01-26 21:10:07,895 - Epoch: 026, Train Loss: 2.5139, Train RMSE: 4.4827, Train MAPE: 23.3233, Valid Loss: 2.4770, Valid RMSE: 4.5973, Valid MAPE: 3.8788, Train Time: 510.6658s/epoch, Valid Time: 65.6994s, LR: 8.5370e-04
2026-01-26 21:19:43,359 - Epoch: 027, Train Loss: 2.4971, Train RMSE: 4.4660, Train MAPE: 23.3428, Valid Loss: 2.3848, Valid RMSE: 4.5409, Valid MAPE: 3.8472, Train Time: 510.0794s/epoch, Valid Time: 65.3845s, LR: 8.4243e-04
2026-01-26 21:19:43,468 - Val loss decrease from 2.4268 to 2.3848
2026-01-26 21:29:19,557 - Epoch: 028, Train Loss: 2.5147, Train RMSE: 4.4697, Train MAPE: 23.4151, Valid Loss: 2.4579, Valid RMSE: 4.5126, Valid MAPE: 3.7045, Train Time: 510.3372s/epoch, Valid Time: 65.7515s, LR: 8.3083e-04
2026-01-26 21:38:56,094 - Epoch: 029, Train Loss: 2.4859, Train RMSE: 4.4571, Train MAPE: 23.5757, Valid Loss: 2.3978, Valid RMSE: 4.4972, Valid MAPE: 3.8325, Train Time: 510.9775s/epoch, Valid Time: 65.5593s, LR: 8.1889e-04
2026-01-26 21:48:31,896 - Epoch: 030, Train Loss: 2.4784, Train RMSE: 4.4479, Train MAPE: 23.4146, Valid Loss: 2.4759, Valid RMSE: 4.4914, Valid MAPE: 3.6244, Train Time: 510.2532s/epoch, Valid Time: 65.5488s, LR: 8.0665e-04
2026-01-26 21:58:07,954 - Epoch: 031, Train Loss: 2.4957, Train RMSE: 4.4489, Train MAPE: 23.3684, Valid Loss: 2.3688, Valid RMSE: 4.5386, Valid MAPE: 3.7521, Train Time: 510.5367s/epoch, Valid Time: 65.5207s, LR: 7.9410e-04
2026-01-26 21:58:08,060 - Val loss decrease from 2.3848 to 2.3688
2026-01-26 22:07:44,372 - Epoch: 032, Train Loss: 2.4708, Train RMSE: 4.4419, Train MAPE: 23.3293, Valid Loss: 2.4505, Valid RMSE: 4.4960, Valid MAPE: 3.6472, Train Time: 510.4978s/epoch, Valid Time: 65.8145s, LR: 7.8126e-04
2026-01-26 22:17:20,147 - Epoch: 033, Train Loss: 2.5209, Train RMSE: 4.4625, Train MAPE: 23.6141, Valid Loss: 2.4403, Valid RMSE: 4.5563, Valid MAPE: 3.9053, Train Time: 510.3428s/epoch, Valid Time: 65.4319s, LR: 7.6815e-04
2026-01-26 22:26:55,972 - Epoch: 034, Train Loss: 2.4827, Train RMSE: 4.4467, Train MAPE: 23.2414, Valid Loss: 2.3830, Valid RMSE: 4.4897, Valid MAPE: 3.6873, Train Time: 510.0057s/epoch, Valid Time: 65.8189s, LR: 7.5477e-04
2026-01-26 22:36:30,082 - Epoch: 035, Train Loss: 2.4699, Train RMSE: 4.4401, Train MAPE: 23.3627, Valid Loss: 2.3524, Valid RMSE: 4.4493, Valid MAPE: 3.6802, Train Time: 508.9803s/epoch, Valid Time: 65.1295s, LR: 7.4114e-04
2026-01-26 22:36:30,179 - Val loss decrease from 2.3688 to 2.3524
2026-01-26 22:46:06,229 - Epoch: 036, Train Loss: 2.4547, Train RMSE: 4.4199, Train MAPE: 23.3043, Valid Loss: 2.3736, Valid RMSE: 4.4771, Valid MAPE: 3.8402, Train Time: 510.2782s/epoch, Valid Time: 65.7716s, LR: 7.2727e-04
2026-01-26 22:55:41,827 - Epoch: 037, Train Loss: 2.4725, Train RMSE: 4.4247, Train MAPE: 23.8112, Valid Loss: 2.3709, Valid RMSE: 4.4953, Valid MAPE: 3.8560, Train Time: 509.7138s/epoch, Valid Time: 65.8840s, LR: 7.1318e-04
2026-01-26 23:05:17,236 - Epoch: 038, Train Loss: 2.4767, Train RMSE: 4.4375, Train MAPE: 23.4939, Valid Loss: 2.3041, Valid RMSE: 4.4724, Valid MAPE: 3.7337, Train Time: 509.9569s/epoch, Valid Time: 65.4511s, LR: 6.9888e-04
2026-01-26 23:05:17,342 - Val loss decrease from 2.3524 to 2.3041
2026-01-26 23:14:53,302 - Epoch: 039, Train Loss: 2.4601, Train RMSE: 4.4259, Train MAPE: 23.2421, Valid Loss: 2.3255, Valid RMSE: 4.4554, Valid MAPE: 3.7029, Train Time: 510.3417s/epoch, Valid Time: 65.6180s, LR: 6.8438e-04
2026-01-26 23:24:29,844 - Epoch: 040, Train Loss: 2.4517, Train RMSE: 4.4253, Train MAPE: 23.1978, Valid Loss: 2.2734, Valid RMSE: 4.4486, Valid MAPE: 3.7231, Train Time: 510.7567s/epoch, Valid Time: 65.7850s, LR: 6.6970e-04
2026-01-26 23:24:29,947 - Val loss decrease from 2.3041 to 2.2734
2026-01-26 23:34:05,560 - Epoch: 041, Train Loss: 2.4263, Train RMSE: 4.4065, Train MAPE: 23.0254, Valid Loss: 2.2913, Valid RMSE: 4.4543, Valid MAPE: 3.7527, Train Time: 510.3353s/epoch, Valid Time: 65.2780s, LR: 6.5485e-04
2026-01-26 23:43:40,947 - Epoch: 042, Train Loss: 2.4299, Train RMSE: 4.4089, Train MAPE: 23.1793, Valid Loss: 2.2776, Valid RMSE: 4.4508, Valid MAPE: 3.7908, Train Time: 509.9248s/epoch, Valid Time: 65.4614s, LR: 6.3986e-04
2026-01-26 23:53:16,938 - Epoch: 043, Train Loss: 2.4273, Train RMSE: 4.4004, Train MAPE: 23.2294, Valid Loss: 2.2743, Valid RMSE: 4.3961, Valid MAPE: 3.7440, Train Time: 510.4565s/epoch, Valid Time: 65.5342s, LR: 6.2472e-04
2026-01-27 00:02:52,585 - Epoch: 044, Train Loss: 2.4084, Train RMSE: 4.3881, Train MAPE: 22.9563, Valid Loss: 2.2388, Valid RMSE: 4.4205, Valid MAPE: 3.7634, Train Time: 510.3009s/epoch, Valid Time: 65.3460s, LR: 6.0946e-04
2026-01-27 00:02:52,691 - Val loss decrease from 2.2734 to 2.2388
2026-01-27 00:12:28,424 - Epoch: 045, Train Loss: 2.4052, Train RMSE: 4.3825, Train MAPE: 23.1249, Valid Loss: 2.3842, Valid RMSE: 4.3830, Valid MAPE: 3.6168, Train Time: 510.2473s/epoch, Valid Time: 65.4857s, LR: 5.9410e-04
2026-01-27 00:22:04,581 - Epoch: 046, Train Loss: 2.4042, Train RMSE: 4.3778, Train MAPE: 23.0420, Valid Loss: 2.2850, Valid RMSE: 4.3873, Valid MAPE: 3.6530, Train Time: 510.1615s/epoch, Valid Time: 65.9953s, LR: 5.7864e-04
2026-01-27 00:31:40,827 - Epoch: 047, Train Loss: 2.4180, Train RMSE: 4.3783, Train MAPE: 23.3135, Valid Loss: 2.3183, Valid RMSE: 4.4109, Valid MAPE: 3.6781, Train Time: 510.6274s/epoch, Valid Time: 65.6178s, LR: 5.6310e-04
2026-01-27 00:41:16,362 - Epoch: 048, Train Loss: 2.4223, Train RMSE: 4.3830, Train MAPE: 23.0348, Valid Loss: 2.2543, Valid RMSE: 4.4082, Valid MAPE: 3.7261, Train Time: 510.1591s/epoch, Valid Time: 65.3758s, LR: 5.4751e-04
2026-01-27 00:50:51,244 - Epoch: 049, Train Loss: 2.3983, Train RMSE: 4.3766, Train MAPE: 23.0315, Valid Loss: 2.3099, Valid RMSE: 4.4328, Valid MAPE: 3.8038, Train Time: 509.4339s/epoch, Valid Time: 65.4481s, LR: 5.3186e-04
2026-01-27 01:00:26,413 - Epoch: 050, Train Loss: 2.4165, Train RMSE: 4.3744, Train MAPE: 23.2737, Valid Loss: 2.2759, Valid RMSE: 4.3788, Valid MAPE: 3.6976, Train Time: 509.5841s/epoch, Valid Time: 65.5842s, LR: 5.1619e-04
2026-01-27 01:10:01,963 - Epoch: 051, Train Loss: 2.3829, Train RMSE: 4.3620, Train MAPE: 23.1659, Valid Loss: 2.3147, Valid RMSE: 4.3552, Valid MAPE: 3.6278, Train Time: 510.0170s/epoch, Valid Time: 65.5337s, LR: 5.0050e-04
2026-01-27 01:19:37,153 - Epoch: 052, Train Loss: 2.3887, Train RMSE: 4.3609, Train MAPE: 23.1524, Valid Loss: 2.2360, Valid RMSE: 4.3824, Valid MAPE: 3.6944, Train Time: 509.7037s/epoch, Valid Time: 65.4856s, LR: 4.8481e-04
2026-01-27 01:19:37,257 - Val loss decrease from 2.2388 to 2.2360
2026-01-27 01:29:12,244 - Epoch: 053, Train Loss: 2.3996, Train RMSE: 4.3630, Train MAPE: 23.1468, Valid Loss: 2.2257, Valid RMSE: 4.3673, Valid MAPE: 3.7223, Train Time: 509.6989s/epoch, Valid Time: 65.2880s, LR: 4.6914e-04
2026-01-27 01:29:12,348 - Val loss decrease from 2.2360 to 2.2257
2026-01-27 01:38:47,438 - Epoch: 054, Train Loss: 2.3793, Train RMSE: 4.3567, Train MAPE: 22.9390, Valid Loss: 2.2368, Valid RMSE: 4.3247, Valid MAPE: 3.6932, Train Time: 509.4418s/epoch, Valid Time: 65.6483s, LR: 4.5349e-04
2026-01-27 01:48:23,164 - Epoch: 055, Train Loss: 2.3957, Train RMSE: 4.3590, Train MAPE: 22.6610, Valid Loss: 2.3485, Valid RMSE: 4.3630, Valid MAPE: 3.6232, Train Time: 509.8847s/epoch, Valid Time: 65.8408s, LR: 4.3790e-04
2026-01-27 01:57:58,919 - Epoch: 056, Train Loss: 2.3785, Train RMSE: 4.3554, Train MAPE: 22.8527, Valid Loss: 2.2380, Valid RMSE: 4.3326, Valid MAPE: 3.6632, Train Time: 509.8362s/epoch, Valid Time: 65.9180s, LR: 4.2236e-04
2026-01-27 02:07:34,817 - Epoch: 057, Train Loss: 2.3809, Train RMSE: 4.3515, Train MAPE: 22.8285, Valid Loss: 2.1997, Valid RMSE: 4.3133, Valid MAPE: 3.6525, Train Time: 510.2611s/epoch, Valid Time: 65.6368s, LR: 4.0690e-04
2026-01-27 02:07:34,941 - Val loss decrease from 2.2257 to 2.1997
2026-01-27 02:17:09,931 - Epoch: 058, Train Loss: 2.3615, Train RMSE: 4.3457, Train MAPE: 22.7733, Valid Loss: 2.2568, Valid RMSE: 4.3252, Valid MAPE: 3.6372, Train Time: 509.3784s/epoch, Valid Time: 65.6108s, LR: 3.9154e-04
2026-01-27 02:26:44,609 - Epoch: 059, Train Loss: 2.3786, Train RMSE: 4.3480, Train MAPE: 22.7910, Valid Loss: 2.2016, Valid RMSE: 4.3214, Valid MAPE: 3.7114, Train Time: 509.4073s/epoch, Valid Time: 65.2709s, LR: 3.7628e-04
2026-01-27 02:36:19,592 - Epoch: 060, Train Loss: 2.3746, Train RMSE: 4.3507, Train MAPE: 22.9993, Valid Loss: 2.3064, Valid RMSE: 4.3367, Valid MAPE: 3.6250, Train Time: 509.5857s/epoch, Valid Time: 65.3970s, LR: 3.6114e-04
2026-01-27 02:45:54,496 - Epoch: 061, Train Loss: 2.3835, Train RMSE: 4.3516, Train MAPE: 22.8496, Valid Loss: 2.3498, Valid RMSE: 4.2954, Valid MAPE: 3.5945, Train Time: 509.5332s/epoch, Valid Time: 65.3705s, LR: 3.4615e-04
2026-01-27 02:55:29,329 - Epoch: 062, Train Loss: 2.3728, Train RMSE: 4.3436, Train MAPE: 23.0129, Valid Loss: 2.1933, Valid RMSE: 4.3188, Valid MAPE: 3.6640, Train Time: 509.4144s/epoch, Valid Time: 65.4191s, LR: 3.3130e-04
2026-01-27 02:55:29,439 - Val loss decrease from 2.1997 to 2.1933
2026-01-27 03:05:04,000 - Epoch: 063, Train Loss: 2.3710, Train RMSE: 4.3430, Train MAPE: 22.8717, Valid Loss: 2.2444, Valid RMSE: 4.3061, Valid MAPE: 3.6208, Train Time: 509.2137s/epoch, Valid Time: 65.3467s, LR: 3.1662e-04
2026-01-27 03:14:38,373 - Epoch: 064, Train Loss: 2.3546, Train RMSE: 4.3442, Train MAPE: 22.5811, Valid Loss: 2.1883, Valid RMSE: 4.3015, Valid MAPE: 3.6579, Train Time: 509.0297s/epoch, Valid Time: 65.3427s, LR: 3.0212e-04
2026-01-27 03:14:38,478 - Val loss decrease from 2.1933 to 2.1883
2026-01-27 03:24:13,077 - Epoch: 065, Train Loss: 2.3610, Train RMSE: 4.3448, Train MAPE: 22.8835, Valid Loss: 2.2163, Valid RMSE: 4.2842, Valid MAPE: 3.6064, Train Time: 508.9343s/epoch, Valid Time: 65.6640s, LR: 2.8782e-04
2026-01-27 03:33:48,036 - Epoch: 066, Train Loss: 2.3446, Train RMSE: 4.3347, Train MAPE: 22.7009, Valid Loss: 2.2100, Valid RMSE: 4.2638, Valid MAPE: 3.5897, Train Time: 509.4285s/epoch, Valid Time: 65.5302s, LR: 2.7373e-04
2026-01-27 03:43:23,471 - Epoch: 067, Train Loss: 2.3373, Train RMSE: 4.3303, Train MAPE: 22.5418, Valid Loss: 2.2715, Valid RMSE: 4.2751, Valid MAPE: 3.5626, Train Time: 509.8693s/epoch, Valid Time: 65.5661s, LR: 2.5986e-04
2026-01-27 03:52:58,675 - Epoch: 068, Train Loss: 2.3410, Train RMSE: 4.3300, Train MAPE: 22.5467, Valid Loss: 2.1713, Valid RMSE: 4.2749, Valid MAPE: 3.6336, Train Time: 509.6987s/epoch, Valid Time: 65.5049s, LR: 2.4623e-04
2026-01-27 03:52:58,786 - Val loss decrease from 2.1883 to 2.1713
2026-01-27 04:02:33,406 - Epoch: 069, Train Loss: 2.3334, Train RMSE: 4.3247, Train MAPE: 22.2781, Valid Loss: 2.1768, Valid RMSE: 4.2644, Valid MAPE: 3.6624, Train Time: 509.0822s/epoch, Valid Time: 65.5373s, LR: 2.3285e-04
2026-01-27 04:12:07,592 - Epoch: 070, Train Loss: 2.3444, Train RMSE: 4.3223, Train MAPE: 22.4189, Valid Loss: 2.2283, Valid RMSE: 4.2585, Valid MAPE: 3.6306, Train Time: 508.9989s/epoch, Valid Time: 65.1863s, LR: 2.1974e-04
2026-01-27 04:21:42,234 - Epoch: 071, Train Loss: 2.3353, Train RMSE: 4.3207, Train MAPE: 22.5434, Valid Loss: 2.1845, Valid RMSE: 4.2495, Valid MAPE: 3.6348, Train Time: 509.0968s/epoch, Valid Time: 65.5456s, LR: 2.0690e-04
2026-01-27 04:31:17,181 - Epoch: 072, Train Loss: 2.3300, Train RMSE: 4.3177, Train MAPE: 22.4787, Valid Loss: 2.2053, Valid RMSE: 4.2360, Valid MAPE: 3.6005, Train Time: 509.3440s/epoch, Valid Time: 65.6022s, LR: 1.9435e-04
2026-01-27 04:40:51,853 - Epoch: 073, Train Loss: 2.3292, Train RMSE: 4.3163, Train MAPE: 22.5397, Valid Loss: 2.1845, Valid RMSE: 4.2576, Valid MAPE: 3.6106, Train Time: 509.2920s/epoch, Valid Time: 65.3804s, LR: 1.8211e-04
2026-01-27 04:50:27,144 - Epoch: 074, Train Loss: 2.3201, Train RMSE: 4.3153, Train MAPE: 22.0303, Valid Loss: 2.2016, Valid RMSE: 4.2773, Valid MAPE: 3.6001, Train Time: 509.7023s/epoch, Valid Time: 65.5881s, LR: 1.7017e-04
2026-01-27 05:00:02,745 - Epoch: 075, Train Loss: 2.3272, Train RMSE: 4.3110, Train MAPE: 22.1835, Valid Loss: 2.2204, Valid RMSE: 4.2540, Valid MAPE: 3.5459, Train Time: 510.0147s/epoch, Valid Time: 65.5866s, LR: 1.5857e-04
2026-01-27 05:09:37,755 - Epoch: 076, Train Loss: 2.3195, Train RMSE: 4.3141, Train MAPE: 22.3549, Valid Loss: 2.1809, Valid RMSE: 4.2438, Valid MAPE: 3.6093, Train Time: 509.6599s/epoch, Valid Time: 65.3495s, LR: 1.4730e-04
2026-01-27 05:19:13,261 - Epoch: 077, Train Loss: 2.3184, Train RMSE: 4.3145, Train MAPE: 22.3707, Valid Loss: 2.2747, Valid RMSE: 4.2479, Valid MAPE: 3.5457, Train Time: 509.9335s/epoch, Valid Time: 65.5718s, LR: 1.3638e-04
2026-01-27 05:28:48,041 - Epoch: 078, Train Loss: 2.3128, Train RMSE: 4.3053, Train MAPE: 22.3031, Valid Loss: 2.2155, Valid RMSE: 4.2373, Valid MAPE: 3.5524, Train Time: 509.3587s/epoch, Valid Time: 65.4215s, LR: 1.2582e-04
2026-01-27 05:38:23,116 - Epoch: 079, Train Loss: 2.3103, Train RMSE: 4.3055, Train MAPE: 22.1016, Valid Loss: 2.1814, Valid RMSE: 4.2341, Valid MAPE: 3.5774, Train Time: 509.3687s/epoch, Valid Time: 65.7059s, LR: 1.1563e-04
2026-01-27 05:47:58,012 - Epoch: 080, Train Loss: 2.3116, Train RMSE: 4.3029, Train MAPE: 21.8850, Valid Loss: 2.2292, Valid RMSE: 4.2569, Valid MAPE: 3.5407, Train Time: 509.6159s/epoch, Valid Time: 65.2802s, LR: 1.0582e-04
2026-01-27 05:57:33,499 - Epoch: 081, Train Loss: 2.3079, Train RMSE: 4.3027, Train MAPE: 21.9609, Valid Loss: 2.2293, Valid RMSE: 4.2377, Valid MAPE: 3.5424, Train Time: 509.8005s/epoch, Valid Time: 65.6858s, LR: 9.6396e-05
2026-01-27 06:07:07,956 - Epoch: 082, Train Loss: 2.3054, Train RMSE: 4.3020, Train MAPE: 21.8693, Valid Loss: 2.2308, Valid RMSE: 4.2418, Valid MAPE: 3.5310, Train Time: 509.0512s/epoch, Valid Time: 65.4054s, LR: 8.7373e-05
2026-01-27 06:16:42,365 - Epoch: 083, Train Loss: 2.3036, Train RMSE: 4.2961, Train MAPE: 21.8148, Valid Loss: 2.2283, Valid RMSE: 4.2283, Valid MAPE: 3.5183, Train Time: 508.7961s/epoch, Valid Time: 65.6128s, LR: 7.8758e-05
2026-01-27 06:26:17,350 - Epoch: 084, Train Loss: 2.3023, Train RMSE: 4.2912, Train MAPE: 21.8301, Valid Loss: 2.2320, Valid RMSE: 4.2352, Valid MAPE: 3.5178, Train Time: 509.4199s/epoch, Valid Time: 65.5647s, LR: 7.0559e-05
2026-01-27 06:35:51,772 - Epoch: 085, Train Loss: 2.2995, Train RMSE: 4.2935, Train MAPE: 21.9684, Valid Loss: 2.1980, Valid RMSE: 4.2189, Valid MAPE: 3.5396, Train Time: 509.0182s/epoch, Valid Time: 65.4040s, LR: 6.2785e-05
2026-01-27 06:45:26,093 - Epoch: 086, Train Loss: 2.2983, Train RMSE: 4.2953, Train MAPE: 21.7334, Valid Loss: 2.2182, Valid RMSE: 4.2185, Valid MAPE: 3.5076, Train Time: 508.8756s/epoch, Valid Time: 65.4449s, LR: 5.5442e-05
2026-01-27 06:55:00,438 - Epoch: 087, Train Loss: 2.2936, Train RMSE: 4.2874, Train MAPE: 21.9027, Valid Loss: 2.2355, Valid RMSE: 4.2178, Valid MAPE: 3.4861, Train Time: 508.9171s/epoch, Valid Time: 65.4279s, LR: 4.8539e-05
2026-01-27 07:04:35,628 - Epoch: 088, Train Loss: 2.2913, Train RMSE: 4.2863, Train MAPE: 21.7452, Valid Loss: 2.2564, Valid RMSE: 4.2116, Valid MAPE: 3.4748, Train Time: 509.4967s/epoch, Valid Time: 65.6928s, LR: 4.2082e-05
2026-01-27 07:14:13,317 - Epoch: 089, Train Loss: 2.2876, Train RMSE: 4.2817, Train MAPE: 21.5720, Valid Loss: 2.2401, Valid RMSE: 4.2133, Valid MAPE: 3.4747, Train Time: 512.1091s/epoch, Valid Time: 65.5804s, LR: 3.6077e-05
2026-01-27 07:23:48,269 - Epoch: 090, Train Loss: 2.2863, Train RMSE: 4.2784, Train MAPE: 21.4878, Valid Loss: 2.2396, Valid RMSE: 4.2139, Valid MAPE: 3.4551, Train Time: 509.2855s/epoch, Valid Time: 65.6660s, LR: 3.0530e-05
2026-01-27 07:33:22,995 - Epoch: 091, Train Loss: 2.2848, Train RMSE: 4.2769, Train MAPE: 21.6172, Valid Loss: 2.2492, Valid RMSE: 4.2173, Valid MAPE: 3.4520, Train Time: 509.1495s/epoch, Valid Time: 65.5764s, LR: 2.5447e-05
2026-01-27 07:42:57,424 - Epoch: 092, Train Loss: 2.2838, Train RMSE: 4.2755, Train MAPE: 21.2960, Valid Loss: 2.2367, Valid RMSE: 4.2112, Valid MAPE: 3.4514, Train Time: 508.9012s/epoch, Valid Time: 65.5273s, LR: 2.0833e-05
2026-01-27 07:52:31,835 - Epoch: 093, Train Loss: 2.2829, Train RMSE: 4.2766, Train MAPE: 21.3112, Valid Loss: 2.2528, Valid RMSE: 4.2117, Valid MAPE: 3.4417, Train Time: 509.0318s/epoch, Valid Time: 65.3788s, LR: 1.6693e-05
2026-01-27 08:02:06,131 - Epoch: 094, Train Loss: 2.2801, Train RMSE: 4.2720, Train MAPE: 21.3137, Valid Loss: 2.2667, Valid RMSE: 4.2140, Valid MAPE: 3.4264, Train Time: 508.8519s/epoch, Valid Time: 65.4446s, LR: 1.3030e-05
2026-01-27 08:11:40,453 - Epoch: 095, Train Loss: 2.2788, Train RMSE: 4.2685, Train MAPE: 21.1044, Valid Loss: 2.2576, Valid RMSE: 4.2115, Valid MAPE: 3.4245, Train Time: 508.8270s/epoch, Valid Time: 65.4947s, LR: 9.8475e-06
2026-01-27 08:21:14,513 - Epoch: 096, Train Loss: 2.2795, Train RMSE: 4.2716, Train MAPE: 21.0534, Valid Loss: 2.2539, Valid RMSE: 4.2104, Valid MAPE: 3.4264, Train Time: 508.6915s/epoch, Valid Time: 65.3685s, LR: 7.1497e-06
2026-01-27 08:30:48,938 - Epoch: 097, Train Loss: 2.2786, Train RMSE: 4.2738, Train MAPE: 21.1560, Valid Loss: 2.2709, Valid RMSE: 4.2109, Valid MAPE: 3.4169, Train Time: 508.8263s/epoch, Valid Time: 65.5983s, LR: 4.9387e-06
2026-01-27 08:40:23,598 - Epoch: 098, Train Loss: 2.2769, Train RMSE: 4.2713, Train MAPE: 21.1922, Valid Loss: 2.2636, Valid RMSE: 4.2116, Valid MAPE: 3.4182, Train Time: 509.1410s/epoch, Valid Time: 65.5180s, LR: 3.2168e-06
2026-01-27 08:40:23,598 - Early stop at epoch 98, loss = 2.171315
Check mask value tensor(9.5367e-07)
2026-01-27 08:41:27,220 - Horizon 1, Test MAE: 1.3332, Test RMSE: 2.8694, Test MAPE: 0.0670
2026-01-27 08:41:27,260 - Horizon 2, Test MAE: 1.5605, Test RMSE: 3.2779, Test MAPE: 0.0701
2026-01-27 08:41:27,299 - Horizon 3, Test MAE: 1.6247, Test RMSE: 3.4637, Test MAPE: 0.0698
2026-01-27 08:41:27,339 - Horizon 4, Test MAE: 1.6759, Test RMSE: 3.5764, Test MAPE: 0.0717
2026-01-27 08:41:27,379 - Horizon 5, Test MAE: 1.6931, Test RMSE: 3.6431, Test MAPE: 0.0717
2026-01-27 08:41:27,418 - Horizon 6, Test MAE: 1.7109, Test RMSE: 3.6886, Test MAPE: 0.0671
2026-01-27 08:41:27,458 - Horizon 7, Test MAE: 1.7109, Test RMSE: 3.7195, Test MAPE: 0.0662
2026-01-27 08:41:27,498 - Horizon 8, Test MAE: 1.7007, Test RMSE: 3.7373, Test MAPE: 0.0659
2026-01-27 08:41:27,537 - Horizon 9, Test MAE: 1.7139, Test RMSE: 3.7677, Test MAPE: 0.0672
2026-01-27 08:41:27,577 - Horizon 10, Test MAE: 1.7151, Test RMSE: 3.7847, Test MAPE: 0.0661
2026-01-27 08:41:27,617 - Horizon 11, Test MAE: 1.7215, Test RMSE: 3.7946, Test MAPE: 0.0647
2026-01-27 08:41:27,657 - Horizon 12, Test MAE: 1.7320, Test RMSE: 3.8173, Test MAPE: 0.0659
2026-01-27 08:41:27,657 - Average Test MAE: 1.6577, Test RMSE: 3.5950, Test MAPE: 0.0678
