nohup: ignoring input
Log directory: ./experiments/gwnet/RUTH-doubletransition-1/
2026-01-26 03:59:43,231 - Namespace(device='cuda:0', dataset='RUTH', years='morning_speed', model_name='gwnet', seed=2026, bs=32, seq_len=12, horizon=12, input_dim=3, output_dim=1, mode='train', max_epochs=100, patience=30, adj_type='doubletransition', adp_adj=1, init_dim=32, skip_dim=256, end_dim=512, lrate=0.001, wdecay=0.0001, dropout=0.3, clip_grad_value=5)
2026-01-26 03:59:43,232 - Adj path: /home/ubuntu/RuthST/RuthST/data/ruth/ruth_adj_matrix.npy
/home/ubuntu/RuthST/RuthST/src/utils/graph_algo.py:66: RuntimeWarning: divide by zero encountered in power
  d_inv = np.power(rowsum, -1).flatten()
2026-01-26 03:59:45,855 - Data shape: (10367, 2453, 3)
2026-01-26 03:59:46,756 - Sample num: 6068, Batch num: 189
2026-01-26 03:59:47,659 - Sample num: 2024, Batch num: 63
2026-01-26 03:59:48,562 - Sample num: 2022, Batch num: 63
check supports length 2 3
2026-01-26 03:59:49,221 - The number of parameters: 345904
2026-01-26 03:59:49,221 - Start training!
Check mask value tensor(9.5367e-07, device='cuda:0')
2026-01-26 04:03:44,501 - Epoch: 001, Train Loss: 3.7721, Train RMSE: 6.0157, Train MAPE: 27.1106, Valid Loss: 2.5843, Valid RMSE: 4.9952, Valid MAPE: 4.3910, Train Time: 206.5522s/epoch, Valid Time: 28.7273s, LR: 1.0000e-03
2026-01-26 04:03:44,510 - Val loss decrease from inf to 2.5843
2026-01-26 04:07:44,857 - Epoch: 002, Train Loss: 2.7521, Train RMSE: 4.7638, Train MAPE: 24.0658, Valid Loss: 3.0754, Valid RMSE: 4.8949, Valid MAPE: 3.9722, Train Time: 211.6660s/epoch, Valid Time: 28.6816s, LR: 1.0000e-03
2026-01-26 04:11:45,257 - Epoch: 003, Train Loss: 2.6075, Train RMSE: 4.5650, Train MAPE: 16.2896, Valid Loss: 2.4210, Valid RMSE: 4.2508, Valid MAPE: 3.2611, Train Time: 211.6861s/epoch, Valid Time: 28.7129s, LR: 1.0000e-03
2026-01-26 04:11:45,265 - Val loss decrease from 2.5843 to 2.4210
2026-01-26 04:15:45,739 - Epoch: 004, Train Loss: 2.4696, Train RMSE: 4.4482, Train MAPE: 14.6651, Valid Loss: 2.0920, Valid RMSE: 4.1725, Valid MAPE: 2.4456, Train Time: 211.6661s/epoch, Valid Time: 28.8084s, LR: 1.0000e-03
2026-01-26 04:15:45,748 - Val loss decrease from 2.4210 to 2.0920
2026-01-26 04:19:46,161 - Epoch: 005, Train Loss: 2.4352, Train RMSE: 4.4058, Train MAPE: 11.9455, Valid Loss: 2.0341, Valid RMSE: 4.1283, Valid MAPE: 2.3241, Train Time: 211.6455s/epoch, Valid Time: 28.7673s, LR: 1.0000e-03
2026-01-26 04:19:46,169 - Val loss decrease from 2.0920 to 2.0341
2026-01-26 04:23:46,536 - Epoch: 006, Train Loss: 2.3689, Train RMSE: 4.3562, Train MAPE: 10.2916, Valid Loss: 1.9997, Valid RMSE: 4.0785, Valid MAPE: 1.9352, Train Time: 211.6081s/epoch, Valid Time: 28.7584s, LR: 1.0000e-03
2026-01-26 04:23:46,544 - Val loss decrease from 2.0341 to 1.9997
2026-01-26 04:27:46,842 - Epoch: 007, Train Loss: 2.3149, Train RMSE: 4.3268, Train MAPE: 9.8359, Valid Loss: 2.1511, Valid RMSE: 4.2097, Valid MAPE: 1.5784, Train Time: 211.6203s/epoch, Valid Time: 28.6776s, LR: 1.0000e-03
2026-01-26 04:31:47,115 - Epoch: 008, Train Loss: 2.2955, Train RMSE: 4.3026, Train MAPE: 8.6636, Valid Loss: 2.0157, Valid RMSE: 4.0674, Valid MAPE: 1.7521, Train Time: 211.6052s/epoch, Valid Time: 28.6671s, LR: 1.0000e-03
2026-01-26 04:35:47,379 - Epoch: 009, Train Loss: 2.2903, Train RMSE: 4.2961, Train MAPE: 8.2029, Valid Loss: 2.0297, Valid RMSE: 3.9937, Valid MAPE: 0.8973, Train Time: 211.5979s/epoch, Valid Time: 28.6667s, LR: 1.0000e-03
2026-01-26 04:39:47,627 - Epoch: 010, Train Loss: 2.3038, Train RMSE: 4.2957, Train MAPE: 8.2334, Valid Loss: 2.0373, Valid RMSE: 3.9742, Valid MAPE: 1.0029, Train Time: 211.5992s/epoch, Valid Time: 28.6480s, LR: 1.0000e-03
2026-01-26 04:43:47,952 - Epoch: 011, Train Loss: 2.2843, Train RMSE: 4.2748, Train MAPE: 7.8553, Valid Loss: 1.9037, Valid RMSE: 4.0186, Valid MAPE: 1.6957, Train Time: 211.5944s/epoch, Valid Time: 28.7302s, LR: 1.0000e-03
2026-01-26 04:43:47,960 - Val loss decrease from 1.9997 to 1.9037
2026-01-26 04:47:48,247 - Epoch: 012, Train Loss: 2.2839, Train RMSE: 4.2685, Train MAPE: 8.0593, Valid Loss: 1.9455, Valid RMSE: 3.9812, Valid MAPE: 0.9438, Train Time: 211.5495s/epoch, Valid Time: 28.7375s, LR: 1.0000e-03
2026-01-26 04:51:48,591 - Epoch: 013, Train Loss: 2.2339, Train RMSE: 4.2546, Train MAPE: 7.2978, Valid Loss: 2.0683, Valid RMSE: 4.0898, Valid MAPE: 0.6229, Train Time: 211.5844s/epoch, Valid Time: 28.7593s, LR: 1.0000e-03
2026-01-26 04:55:48,653 - Epoch: 014, Train Loss: 2.2509, Train RMSE: 4.2509, Train MAPE: 7.3163, Valid Loss: 2.0105, Valid RMSE: 4.1311, Valid MAPE: 0.9526, Train Time: 211.4264s/epoch, Valid Time: 28.6355s, LR: 1.0000e-03
2026-01-26 04:59:50,265 - Epoch: 015, Train Loss: 2.2349, Train RMSE: 4.2432, Train MAPE: 7.5687, Valid Loss: 1.9997, Valid RMSE: 4.1875, Valid MAPE: 0.7669, Train Time: 212.3713s/epoch, Valid Time: 29.2405s, LR: 1.0000e-03
2026-01-26 05:03:50,498 - Epoch: 016, Train Loss: 2.2449, Train RMSE: 4.2444, Train MAPE: 6.8632, Valid Loss: 1.9299, Valid RMSE: 4.0680, Valid MAPE: 1.1047, Train Time: 211.4223s/epoch, Valid Time: 28.8108s, LR: 1.0000e-03
2026-01-26 05:07:50,294 - Epoch: 017, Train Loss: 2.2125, Train RMSE: 4.2275, Train MAPE: 6.8725, Valid Loss: 1.9787, Valid RMSE: 3.9467, Valid MAPE: 0.9329, Train Time: 211.2115s/epoch, Valid Time: 28.5846s, LR: 1.0000e-03
2026-01-26 05:11:50,277 - Epoch: 018, Train Loss: 2.2231, Train RMSE: 4.2278, Train MAPE: 6.7183, Valid Loss: 1.8905, Valid RMSE: 3.9325, Valid MAPE: 0.7651, Train Time: 211.3606s/epoch, Valid Time: 28.6217s, LR: 1.0000e-03
2026-01-26 05:11:50,285 - Val loss decrease from 1.9037 to 1.8905
2026-01-26 05:15:49,820 - Epoch: 019, Train Loss: 2.1781, Train RMSE: 4.2097, Train MAPE: 6.3363, Valid Loss: 1.9319, Valid RMSE: 3.9329, Valid MAPE: 0.8684, Train Time: 210.9540s/epoch, Valid Time: 28.5809s, LR: 1.0000e-03
2026-01-26 05:19:48,840 - Epoch: 020, Train Loss: 2.1738, Train RMSE: 4.2071, Train MAPE: 5.6379, Valid Loss: 1.8629, Valid RMSE: 3.9873, Valid MAPE: 0.8581, Train Time: 210.4419s/epoch, Valid Time: 28.5785s, LR: 1.0000e-03
2026-01-26 05:19:48,849 - Val loss decrease from 1.8905 to 1.8629
2026-01-26 05:23:48,242 - Epoch: 021, Train Loss: 2.1980, Train RMSE: 4.2091, Train MAPE: 5.2795, Valid Loss: 1.8739, Valid RMSE: 4.0303, Valid MAPE: 0.6488, Train Time: 210.7012s/epoch, Valid Time: 28.6914s, LR: 1.0000e-03
2026-01-26 05:27:47,742 - Epoch: 022, Train Loss: 2.1819, Train RMSE: 4.2021, Train MAPE: 4.4829, Valid Loss: 1.9261, Valid RMSE: 3.9536, Valid MAPE: 0.8691, Train Time: 210.8187s/epoch, Valid Time: 28.6819s, LR: 1.0000e-03
2026-01-26 05:31:47,146 - Epoch: 023, Train Loss: 2.1823, Train RMSE: 4.2030, Train MAPE: 4.9571, Valid Loss: 1.9097, Valid RMSE: 3.9253, Valid MAPE: 0.5591, Train Time: 210.7422s/epoch, Valid Time: 28.6607s, LR: 1.0000e-03
2026-01-26 05:35:46,274 - Epoch: 024, Train Loss: 2.1458, Train RMSE: 4.1914, Train MAPE: 4.5960, Valid Loss: 1.8779, Valid RMSE: 3.9781, Valid MAPE: 0.6930, Train Time: 210.5654s/epoch, Valid Time: 28.5626s, LR: 1.0000e-03
2026-01-26 05:39:45,507 - Epoch: 025, Train Loss: 2.1590, Train RMSE: 4.1887, Train MAPE: 4.9690, Valid Loss: 1.8476, Valid RMSE: 3.9158, Valid MAPE: 1.3371, Train Time: 210.5860s/epoch, Valid Time: 28.6474s, LR: 1.0000e-03
2026-01-26 05:39:45,516 - Val loss decrease from 1.8629 to 1.8476
2026-01-26 05:43:44,640 - Epoch: 026, Train Loss: 2.1433, Train RMSE: 4.1715, Train MAPE: 4.0021, Valid Loss: 1.8791, Valid RMSE: 3.8802, Valid MAPE: 0.7074, Train Time: 210.4506s/epoch, Valid Time: 28.6742s, LR: 1.0000e-03
2026-01-26 05:47:43,480 - Epoch: 027, Train Loss: 2.1767, Train RMSE: 4.1796, Train MAPE: 3.8975, Valid Loss: 1.8616, Valid RMSE: 3.9742, Valid MAPE: 0.7955, Train Time: 210.2956s/epoch, Valid Time: 28.5437s, LR: 1.0000e-03
2026-01-26 05:51:42,240 - Epoch: 028, Train Loss: 2.1736, Train RMSE: 4.1810, Train MAPE: 3.8912, Valid Loss: 1.8173, Valid RMSE: 3.8806, Valid MAPE: 0.7048, Train Time: 210.1073s/epoch, Valid Time: 28.6521s, LR: 1.0000e-03
2026-01-26 05:51:42,248 - Val loss decrease from 1.8476 to 1.8173
2026-01-26 05:55:41,378 - Epoch: 029, Train Loss: 2.1394, Train RMSE: 4.1669, Train MAPE: 4.2090, Valid Loss: 1.7848, Valid RMSE: 3.8919, Valid MAPE: 0.7348, Train Time: 210.5973s/epoch, Valid Time: 28.5327s, LR: 1.0000e-03
2026-01-26 05:55:41,386 - Val loss decrease from 1.8173 to 1.7848
2026-01-26 05:59:40,207 - Epoch: 030, Train Loss: 2.1257, Train RMSE: 4.1605, Train MAPE: 3.8581, Valid Loss: 1.8019, Valid RMSE: 3.8814, Valid MAPE: 0.7157, Train Time: 210.1784s/epoch, Valid Time: 28.6423s, LR: 1.0000e-03
2026-01-26 06:03:38,785 - Epoch: 031, Train Loss: 2.1160, Train RMSE: 4.1555, Train MAPE: 3.4139, Valid Loss: 1.7749, Valid RMSE: 3.8994, Valid MAPE: 0.7511, Train Time: 209.9314s/epoch, Valid Time: 28.6467s, LR: 1.0000e-03
2026-01-26 06:03:38,794 - Val loss decrease from 1.7848 to 1.7749
2026-01-26 06:07:37,383 - Epoch: 032, Train Loss: 2.1158, Train RMSE: 4.1539, Train MAPE: 3.8037, Valid Loss: 1.8418, Valid RMSE: 3.9939, Valid MAPE: 0.7128, Train Time: 210.0380s/epoch, Valid Time: 28.5509s, LR: 1.0000e-03
2026-01-26 06:11:36,127 - Epoch: 033, Train Loss: 2.1177, Train RMSE: 4.1535, Train MAPE: 3.8091, Valid Loss: 1.7754, Valid RMSE: 3.9065, Valid MAPE: 0.8725, Train Time: 210.0844s/epoch, Valid Time: 28.6602s, LR: 1.0000e-03
2026-01-26 06:15:34,589 - Epoch: 034, Train Loss: 2.1305, Train RMSE: 4.1539, Train MAPE: 3.5664, Valid Loss: 1.7623, Valid RMSE: 3.9257, Valid MAPE: 0.7986, Train Time: 209.8632s/epoch, Valid Time: 28.5983s, LR: 1.0000e-03
2026-01-26 06:15:34,597 - Val loss decrease from 1.7749 to 1.7623
2026-01-26 06:19:32,949 - Epoch: 035, Train Loss: 2.1137, Train RMSE: 4.1496, Train MAPE: 3.5310, Valid Loss: 1.9024, Valid RMSE: 3.8441, Valid MAPE: 0.6139, Train Time: 209.8462s/epoch, Valid Time: 28.5054s, LR: 1.0000e-03
2026-01-26 06:23:30,893 - Epoch: 036, Train Loss: 2.1195, Train RMSE: 4.1382, Train MAPE: 3.3697, Valid Loss: 1.7988, Valid RMSE: 3.9533, Valid MAPE: 0.6467, Train Time: 209.3759s/epoch, Valid Time: 28.5676s, LR: 1.0000e-03
2026-01-26 06:27:28,475 - Epoch: 037, Train Loss: 2.1205, Train RMSE: 4.1456, Train MAPE: 3.7467, Valid Loss: 1.8308, Valid RMSE: 3.8752, Valid MAPE: 0.7891, Train Time: 209.1143s/epoch, Valid Time: 28.4682s, LR: 1.0000e-03
2026-01-26 06:31:26,371 - Epoch: 038, Train Loss: 2.0962, Train RMSE: 4.1333, Train MAPE: 3.4770, Valid Loss: 1.8039, Valid RMSE: 3.9449, Valid MAPE: 0.7864, Train Time: 209.3768s/epoch, Valid Time: 28.5190s, LR: 1.0000e-03
2026-01-26 06:35:24,480 - Epoch: 039, Train Loss: 2.0936, Train RMSE: 4.1386, Train MAPE: 3.3599, Valid Loss: 1.7915, Valid RMSE: 3.8509, Valid MAPE: 0.7768, Train Time: 209.5279s/epoch, Valid Time: 28.5809s, LR: 1.0000e-03
2026-01-26 06:39:23,855 - Epoch: 040, Train Loss: 2.0973, Train RMSE: 4.1325, Train MAPE: 3.4926, Valid Loss: 1.7495, Valid RMSE: 3.8580, Valid MAPE: 0.9204, Train Time: 210.2877s/epoch, Valid Time: 29.0868s, LR: 1.0000e-03
2026-01-26 06:39:23,863 - Val loss decrease from 1.7623 to 1.7495
2026-01-26 06:43:23,443 - Epoch: 041, Train Loss: 2.0917, Train RMSE: 4.1311, Train MAPE: 3.3713, Valid Loss: 1.7690, Valid RMSE: 3.8821, Valid MAPE: 0.6605, Train Time: 210.6086s/epoch, Valid Time: 28.9713s, LR: 1.0000e-03
2026-01-26 06:47:22,156 - Epoch: 042, Train Loss: 2.0886, Train RMSE: 4.1216, Train MAPE: 3.3775, Valid Loss: 1.9420, Valid RMSE: 4.3357, Valid MAPE: 0.5564, Train Time: 210.2073s/epoch, Valid Time: 28.5053s, LR: 1.0000e-03
2026-01-26 06:51:20,382 - Epoch: 043, Train Loss: 2.0833, Train RMSE: 4.1228, Train MAPE: 3.3365, Valid Loss: 1.7676, Valid RMSE: 3.9320, Valid MAPE: 0.7972, Train Time: 209.7492s/epoch, Valid Time: 28.4763s, LR: 1.0000e-03
2026-01-26 06:55:18,471 - Epoch: 044, Train Loss: 2.0866, Train RMSE: 4.1255, Train MAPE: 3.3703, Valid Loss: 1.7607, Valid RMSE: 3.8526, Valid MAPE: 0.8116, Train Time: 209.6052s/epoch, Valid Time: 28.4837s, LR: 1.0000e-03
2026-01-26 06:59:16,645 - Epoch: 045, Train Loss: 2.0806, Train RMSE: 4.1196, Train MAPE: 3.2823, Valid Loss: 1.7627, Valid RMSE: 3.8943, Valid MAPE: 0.9381, Train Time: 209.6007s/epoch, Valid Time: 28.5735s, LR: 1.0000e-03
2026-01-26 07:03:14,914 - Epoch: 046, Train Loss: 2.0843, Train RMSE: 4.1151, Train MAPE: 3.0861, Valid Loss: 1.7628, Valid RMSE: 3.9095, Valid MAPE: 0.7507, Train Time: 209.6345s/epoch, Valid Time: 28.6341s, LR: 1.0000e-03
2026-01-26 07:07:12,852 - Epoch: 047, Train Loss: 2.1186, Train RMSE: 4.1269, Train MAPE: 3.1449, Valid Loss: 1.8346, Valid RMSE: 3.7943, Valid MAPE: 0.8235, Train Time: 209.4500s/epoch, Valid Time: 28.4878s, LR: 1.0000e-03
2026-01-26 07:11:10,939 - Epoch: 048, Train Loss: 2.0874, Train RMSE: 4.1173, Train MAPE: 3.1659, Valid Loss: 1.7561, Valid RMSE: 3.8681, Valid MAPE: 1.1441, Train Time: 209.4950s/epoch, Valid Time: 28.5914s, LR: 1.0000e-03
2026-01-26 07:15:08,890 - Epoch: 049, Train Loss: 2.0775, Train RMSE: 4.1162, Train MAPE: 3.4099, Valid Loss: 1.7486, Valid RMSE: 3.8655, Valid MAPE: 0.8484, Train Time: 209.3703s/epoch, Valid Time: 28.5811s, LR: 1.0000e-03
2026-01-26 07:15:08,898 - Val loss decrease from 1.7495 to 1.7486
2026-01-26 07:19:09,115 - Epoch: 050, Train Loss: 2.0708, Train RMSE: 4.1080, Train MAPE: 3.3287, Valid Loss: 1.7416, Valid RMSE: 3.8442, Valid MAPE: 1.0129, Train Time: 211.1843s/epoch, Valid Time: 29.0322s, LR: 1.0000e-03
2026-01-26 07:19:09,124 - Val loss decrease from 1.7486 to 1.7416
2026-01-26 07:23:07,253 - Epoch: 051, Train Loss: 2.0710, Train RMSE: 4.1082, Train MAPE: 3.3067, Valid Loss: 1.7431, Valid RMSE: 3.8265, Valid MAPE: 0.7789, Train Time: 209.5430s/epoch, Valid Time: 28.5861s, LR: 1.0000e-03
2026-01-26 07:27:05,363 - Epoch: 052, Train Loss: 2.0701, Train RMSE: 4.1097, Train MAPE: 3.4871, Valid Loss: 1.7684, Valid RMSE: 3.8759, Valid MAPE: 0.9160, Train Time: 209.5244s/epoch, Valid Time: 28.5852s, LR: 1.0000e-03
2026-01-26 07:31:03,544 - Epoch: 053, Train Loss: 2.0622, Train RMSE: 4.1032, Train MAPE: 3.3378, Valid Loss: 1.7671, Valid RMSE: 3.7958, Valid MAPE: 0.9736, Train Time: 209.6013s/epoch, Valid Time: 28.5801s, LR: 1.0000e-03
2026-01-26 07:35:01,793 - Epoch: 054, Train Loss: 2.0642, Train RMSE: 4.1001, Train MAPE: 3.5171, Valid Loss: 1.7572, Valid RMSE: 3.8443, Valid MAPE: 0.7350, Train Time: 209.7736s/epoch, Valid Time: 28.4754s, LR: 1.0000e-03
2026-01-26 07:38:59,648 - Epoch: 055, Train Loss: 2.0602, Train RMSE: 4.1004, Train MAPE: 3.0213, Valid Loss: 1.7549, Valid RMSE: 3.8462, Valid MAPE: 0.8834, Train Time: 209.3783s/epoch, Valid Time: 28.4756s, LR: 1.0000e-03
2026-01-26 07:42:59,854 - Epoch: 056, Train Loss: 2.0629, Train RMSE: 4.1017, Train MAPE: 3.4289, Valid Loss: 1.7380, Valid RMSE: 3.8767, Valid MAPE: 0.6954, Train Time: 211.2245s/epoch, Valid Time: 28.9813s, LR: 1.0000e-03
2026-01-26 07:42:59,862 - Val loss decrease from 1.7416 to 1.7380
2026-01-26 07:46:57,188 - Epoch: 057, Train Loss: 2.0588, Train RMSE: 4.0984, Train MAPE: 2.7827, Valid Loss: 1.7518, Valid RMSE: 3.8426, Valid MAPE: 0.8498, Train Time: 208.8211s/epoch, Valid Time: 28.5052s, LR: 1.0000e-03
2026-01-26 07:50:54,602 - Epoch: 058, Train Loss: 2.0587, Train RMSE: 4.0995, Train MAPE: 3.0553, Valid Loss: 1.7812, Valid RMSE: 3.8009, Valid MAPE: 0.7654, Train Time: 208.9735s/epoch, Valid Time: 28.4404s, LR: 1.0000e-03
2026-01-26 07:54:51,758 - Epoch: 059, Train Loss: 2.0579, Train RMSE: 4.0933, Train MAPE: 3.3290, Valid Loss: 1.7310, Valid RMSE: 3.8220, Valid MAPE: 0.7009, Train Time: 208.7326s/epoch, Valid Time: 28.4230s, LR: 1.0000e-03
2026-01-26 07:54:51,766 - Val loss decrease from 1.7380 to 1.7310
2026-01-26 07:58:48,836 - Epoch: 060, Train Loss: 2.0488, Train RMSE: 4.0887, Train MAPE: 3.3012, Valid Loss: 1.7385, Valid RMSE: 3.8339, Valid MAPE: 0.7846, Train Time: 208.6391s/epoch, Valid Time: 28.4300s, LR: 1.0000e-03
2026-01-26 08:02:46,178 - Epoch: 061, Train Loss: 2.0523, Train RMSE: 4.0853, Train MAPE: 3.4199, Valid Loss: 1.7486, Valid RMSE: 3.8793, Valid MAPE: 0.9321, Train Time: 208.8135s/epoch, Valid Time: 28.5283s, LR: 1.0000e-03
2026-01-26 08:06:43,557 - Epoch: 062, Train Loss: 2.0597, Train RMSE: 4.0899, Train MAPE: 3.2765, Valid Loss: 1.7254, Valid RMSE: 3.8315, Valid MAPE: 0.8071, Train Time: 208.9139s/epoch, Valid Time: 28.4652s, LR: 1.0000e-03
2026-01-26 08:06:43,565 - Val loss decrease from 1.7310 to 1.7254
2026-01-26 08:10:40,956 - Epoch: 063, Train Loss: 2.0446, Train RMSE: 4.0850, Train MAPE: 3.4685, Valid Loss: 1.7254, Valid RMSE: 3.8021, Valid MAPE: 0.8407, Train Time: 208.8916s/epoch, Valid Time: 28.4990s, LR: 1.0000e-03
2026-01-26 08:14:38,412 - Epoch: 064, Train Loss: 2.0449, Train RMSE: 4.0882, Train MAPE: 3.0227, Valid Loss: 1.7261, Valid RMSE: 3.8201, Valid MAPE: 0.8038, Train Time: 208.8979s/epoch, Valid Time: 28.5583s, LR: 1.0000e-03
2026-01-26 08:18:35,516 - Epoch: 065, Train Loss: 2.0403, Train RMSE: 4.0849, Train MAPE: 3.2448, Valid Loss: 1.7350, Valid RMSE: 3.8801, Valid MAPE: 0.8191, Train Time: 208.5991s/epoch, Valid Time: 28.5042s, LR: 1.0000e-03
2026-01-26 08:22:32,953 - Epoch: 066, Train Loss: 2.0395, Train RMSE: 4.0811, Train MAPE: 3.2498, Valid Loss: 1.7670, Valid RMSE: 3.8175, Valid MAPE: 0.6978, Train Time: 208.9219s/epoch, Valid Time: 28.5150s, LR: 1.0000e-03
2026-01-26 08:26:30,146 - Epoch: 067, Train Loss: 2.0428, Train RMSE: 4.0820, Train MAPE: 3.3743, Valid Loss: 1.7449, Valid RMSE: 3.8862, Valid MAPE: 0.8583, Train Time: 208.7564s/epoch, Valid Time: 28.4366s, LR: 1.0000e-03
2026-01-26 08:30:27,992 - Epoch: 068, Train Loss: 2.0353, Train RMSE: 4.0751, Train MAPE: 3.2278, Valid Loss: 1.7350, Valid RMSE: 3.8042, Valid MAPE: 0.9621, Train Time: 209.3316s/epoch, Valid Time: 28.5137s, LR: 1.0000e-03
2026-01-26 08:34:26,734 - Epoch: 069, Train Loss: 2.0392, Train RMSE: 4.0803, Train MAPE: 3.2679, Valid Loss: 1.7293, Valid RMSE: 3.8652, Valid MAPE: 0.8228, Train Time: 209.7278s/epoch, Valid Time: 29.0143s, LR: 1.0000e-03
2026-01-26 08:38:25,219 - Epoch: 070, Train Loss: 2.0339, Train RMSE: 4.0788, Train MAPE: 3.3334, Valid Loss: 1.7074, Valid RMSE: 3.8258, Valid MAPE: 0.9914, Train Time: 209.5179s/epoch, Valid Time: 28.9667s, LR: 1.0000e-03
2026-01-26 08:38:25,227 - Val loss decrease from 1.7254 to 1.7074
2026-01-26 08:42:22,184 - Epoch: 071, Train Loss: 2.0293, Train RMSE: 4.0745, Train MAPE: 3.0519, Valid Loss: 1.6982, Valid RMSE: 3.8329, Valid MAPE: 0.7435, Train Time: 208.4594s/epoch, Valid Time: 28.4977s, LR: 1.0000e-03
2026-01-26 08:42:22,193 - Val loss decrease from 1.7074 to 1.6982
2026-01-26 08:46:19,157 - Epoch: 072, Train Loss: 2.0296, Train RMSE: 4.0747, Train MAPE: 2.8054, Valid Loss: 1.7155, Valid RMSE: 3.8350, Valid MAPE: 0.8677, Train Time: 208.4630s/epoch, Valid Time: 28.5011s, LR: 1.0000e-03
2026-01-26 08:50:15,853 - Epoch: 073, Train Loss: 2.0324, Train RMSE: 4.0738, Train MAPE: 3.1465, Valid Loss: 1.7341, Valid RMSE: 3.8512, Valid MAPE: 0.8473, Train Time: 208.2241s/epoch, Valid Time: 28.4724s, LR: 1.0000e-03
2026-01-26 08:54:12,641 - Epoch: 074, Train Loss: 2.0285, Train RMSE: 4.0710, Train MAPE: 3.1446, Valid Loss: 1.6947, Valid RMSE: 3.8400, Valid MAPE: 0.8248, Train Time: 208.2944s/epoch, Valid Time: 28.4935s, LR: 1.0000e-03
2026-01-26 08:54:12,650 - Val loss decrease from 1.6982 to 1.6947
2026-01-26 08:58:09,360 - Epoch: 075, Train Loss: 2.0301, Train RMSE: 4.0710, Train MAPE: 3.1692, Valid Loss: 1.7146, Valid RMSE: 3.8615, Valid MAPE: 0.9046, Train Time: 208.2981s/epoch, Valid Time: 28.4126s, LR: 1.0000e-03
2026-01-26 09:02:07,296 - Epoch: 076, Train Loss: 2.0284, Train RMSE: 4.0716, Train MAPE: 3.5109, Valid Loss: 1.7189, Valid RMSE: 3.7958, Valid MAPE: 0.7761, Train Time: 208.9260s/epoch, Valid Time: 29.0093s, LR: 1.0000e-03
2026-01-26 09:06:04,036 - Epoch: 077, Train Loss: 2.0288, Train RMSE: 4.0706, Train MAPE: 2.9912, Valid Loss: 1.7437, Valid RMSE: 3.7935, Valid MAPE: 0.9385, Train Time: 208.3118s/epoch, Valid Time: 28.4284s, LR: 1.0000e-03
2026-01-26 09:10:00,754 - Epoch: 078, Train Loss: 2.0281, Train RMSE: 4.0703, Train MAPE: 3.0671, Valid Loss: 1.7330, Valid RMSE: 3.7947, Valid MAPE: 0.7959, Train Time: 208.3089s/epoch, Valid Time: 28.4088s, LR: 1.0000e-03
2026-01-26 09:13:57,469 - Epoch: 079, Train Loss: 2.0220, Train RMSE: 4.0670, Train MAPE: 3.2243, Valid Loss: 1.6947, Valid RMSE: 3.8249, Valid MAPE: 0.8385, Train Time: 208.3006s/epoch, Valid Time: 28.4140s, LR: 1.0000e-03
2026-01-26 09:13:57,477 - Val loss decrease from 1.6947 to 1.6947
2026-01-26 09:17:54,395 - Epoch: 080, Train Loss: 2.0239, Train RMSE: 4.0652, Train MAPE: 3.4016, Valid Loss: 1.7003, Valid RMSE: 3.8171, Valid MAPE: 0.8318, Train Time: 208.5283s/epoch, Valid Time: 28.3891s, LR: 1.0000e-03
2026-01-26 09:21:52,791 - Epoch: 081, Train Loss: 2.0216, Train RMSE: 4.0658, Train MAPE: 3.2065, Valid Loss: 1.7519, Valid RMSE: 3.9329, Valid MAPE: 0.7726, Train Time: 209.4560s/epoch, Valid Time: 28.9405s, LR: 1.0000e-03
2026-01-26 09:25:49,575 - Epoch: 082, Train Loss: 2.0195, Train RMSE: 4.0617, Train MAPE: 3.3296, Valid Loss: 1.7393, Valid RMSE: 3.8327, Valid MAPE: 0.7818, Train Time: 208.3101s/epoch, Valid Time: 28.4737s, LR: 1.0000e-03
2026-01-26 09:29:46,150 - Epoch: 083, Train Loss: 2.0258, Train RMSE: 4.0604, Train MAPE: 3.4582, Valid Loss: 1.7169, Valid RMSE: 3.8071, Valid MAPE: 0.8896, Train Time: 208.0907s/epoch, Valid Time: 28.4836s, LR: 1.0000e-03
2026-01-26 09:33:42,717 - Epoch: 084, Train Loss: 2.0146, Train RMSE: 4.0586, Train MAPE: 3.2728, Valid Loss: 1.7958, Valid RMSE: 3.8585, Valid MAPE: 0.7141, Train Time: 208.1853s/epoch, Valid Time: 28.3816s, LR: 1.0000e-03
2026-01-26 09:37:39,596 - Epoch: 085, Train Loss: 2.0172, Train RMSE: 4.0593, Train MAPE: 2.9567, Valid Loss: 1.7085, Valid RMSE: 3.8351, Valid MAPE: 0.7699, Train Time: 208.4395s/epoch, Valid Time: 28.4389s, LR: 1.0000e-03
2026-01-26 09:41:37,605 - Epoch: 086, Train Loss: 2.0165, Train RMSE: 4.0612, Train MAPE: 3.1709, Valid Loss: 1.6970, Valid RMSE: 3.8119, Valid MAPE: 1.2561, Train Time: 209.0468s/epoch, Valid Time: 28.9624s, LR: 1.0000e-03
2026-01-26 09:45:34,488 - Epoch: 087, Train Loss: 2.0175, Train RMSE: 4.0575, Train MAPE: 3.7030, Valid Loss: 1.7634, Valid RMSE: 3.8248, Valid MAPE: 0.7326, Train Time: 208.3816s/epoch, Valid Time: 28.5010s, LR: 1.0000e-03
2026-01-26 09:49:31,391 - Epoch: 088, Train Loss: 2.0148, Train RMSE: 4.0560, Train MAPE: 3.2553, Valid Loss: 1.7214, Valid RMSE: 3.8080, Valid MAPE: 0.8364, Train Time: 208.5159s/epoch, Valid Time: 28.3872s, LR: 1.0000e-03
2026-01-26 09:53:28,387 - Epoch: 089, Train Loss: 2.0117, Train RMSE: 4.0519, Train MAPE: 3.2125, Valid Loss: 1.7166, Valid RMSE: 3.8024, Valid MAPE: 0.9787, Train Time: 208.6125s/epoch, Valid Time: 28.3832s, LR: 1.0000e-03
2026-01-26 09:57:25,327 - Epoch: 090, Train Loss: 2.0122, Train RMSE: 4.0537, Train MAPE: 3.1704, Valid Loss: 1.7047, Valid RMSE: 3.8360, Valid MAPE: 0.9720, Train Time: 208.4597s/epoch, Valid Time: 28.4802s, LR: 1.0000e-03
2026-01-26 10:01:22,213 - Epoch: 091, Train Loss: 2.0138, Train RMSE: 4.0522, Train MAPE: 3.2163, Valid Loss: 1.7290, Valid RMSE: 3.7937, Valid MAPE: 1.0666, Train Time: 208.3690s/epoch, Valid Time: 28.5168s, LR: 1.0000e-03
2026-01-26 10:05:19,104 - Epoch: 092, Train Loss: 2.0080, Train RMSE: 4.0498, Train MAPE: 3.3054, Valid Loss: 1.6943, Valid RMSE: 3.8460, Valid MAPE: 0.7770, Train Time: 208.4012s/epoch, Valid Time: 28.4900s, LR: 1.0000e-03
2026-01-26 10:05:19,113 - Val loss decrease from 1.6947 to 1.6943
2026-01-26 10:09:16,374 - Epoch: 093, Train Loss: 2.0095, Train RMSE: 4.0516, Train MAPE: 3.2003, Valid Loss: 1.7056, Valid RMSE: 3.7959, Valid MAPE: 0.8923, Train Time: 208.8547s/epoch, Valid Time: 28.4068s, LR: 1.0000e-03
2026-01-26 10:13:13,286 - Epoch: 094, Train Loss: 2.0125, Train RMSE: 4.0511, Train MAPE: 3.3077, Valid Loss: 1.7059, Valid RMSE: 3.7894, Valid MAPE: 0.9498, Train Time: 208.3994s/epoch, Valid Time: 28.5123s, LR: 1.0000e-03
2026-01-26 10:17:11,133 - Epoch: 095, Train Loss: 2.0055, Train RMSE: 4.0487, Train MAPE: 3.1659, Valid Loss: 1.7300, Valid RMSE: 3.7986, Valid MAPE: 0.9333, Train Time: 208.9350s/epoch, Valid Time: 28.9112s, LR: 1.0000e-03
2026-01-26 10:21:08,136 - Epoch: 096, Train Loss: 2.0148, Train RMSE: 4.0517, Train MAPE: 3.4264, Valid Loss: 1.7273, Valid RMSE: 3.8646, Valid MAPE: 0.8829, Train Time: 208.5129s/epoch, Valid Time: 28.4898s, LR: 1.0000e-03
2026-01-26 10:25:04,745 - Epoch: 097, Train Loss: 2.0351, Train RMSE: 4.0570, Train MAPE: 3.0727, Valid Loss: 1.7770, Valid RMSE: 3.7608, Valid MAPE: 0.9949, Train Time: 208.1242s/epoch, Valid Time: 28.4850s, LR: 1.0000e-03
2026-01-26 10:29:01,275 - Epoch: 098, Train Loss: 2.0095, Train RMSE: 4.0503, Train MAPE: 3.1488, Valid Loss: 1.7110, Valid RMSE: 3.8196, Valid MAPE: 0.8683, Train Time: 208.1070s/epoch, Valid Time: 28.4231s, LR: 1.0000e-03
2026-01-26 10:32:58,375 - Epoch: 099, Train Loss: 2.0017, Train RMSE: 4.0434, Train MAPE: 3.0002, Valid Loss: 1.7249, Valid RMSE: 3.8276, Valid MAPE: 1.0279, Train Time: 208.2522s/epoch, Valid Time: 28.8474s, LR: 1.0000e-03
2026-01-26 10:36:55,119 - Epoch: 100, Train Loss: 2.0029, Train RMSE: 4.0485, Train MAPE: 3.3036, Valid Loss: 1.7247, Valid RMSE: 3.7698, Valid MAPE: 0.9305, Train Time: 208.2367s/epoch, Valid Time: 28.5074s, LR: 1.0000e-03
Check mask value tensor(9.5367e-07)
2026-01-26 10:37:21,947 - Horizon 1, Test MAE: 0.7340, Test RMSE: 2.3270, Test MAPE: 0.0351
2026-01-26 10:37:21,988 - Horizon 2, Test MAE: 0.9370, Test RMSE: 2.8344, Test MAPE: 0.0416
2026-01-26 10:37:22,028 - Horizon 3, Test MAE: 1.0769, Test RMSE: 3.1842, Test MAPE: 0.0458
2026-01-26 10:37:22,069 - Horizon 4, Test MAE: 1.1756, Test RMSE: 3.4316, Test MAPE: 0.0486
2026-01-26 10:37:22,110 - Horizon 5, Test MAE: 1.2201, Test RMSE: 3.6118, Test MAPE: 0.0508
2026-01-26 10:37:22,150 - Horizon 6, Test MAE: 1.2966, Test RMSE: 3.7520, Test MAPE: 0.0498
2026-01-26 10:37:22,191 - Horizon 7, Test MAE: 1.3062, Test RMSE: 3.8791, Test MAPE: 0.0494
2026-01-26 10:37:22,232 - Horizon 8, Test MAE: 1.3340, Test RMSE: 3.9547, Test MAPE: 0.0506
2026-01-26 10:37:22,272 - Horizon 9, Test MAE: 1.3582, Test RMSE: 4.0163, Test MAPE: 0.0522
2026-01-26 10:37:22,313 - Horizon 10, Test MAE: 1.3674, Test RMSE: 4.0583, Test MAPE: 0.0504
2026-01-26 10:37:22,354 - Horizon 11, Test MAE: 1.3738, Test RMSE: 4.0895, Test MAPE: 0.0490
2026-01-26 10:37:22,394 - Horizon 12, Test MAE: 1.3850, Test RMSE: 4.1129, Test MAPE: 0.0495
2026-01-26 10:37:22,395 - Average Test MAE: 1.2137, Test RMSE: 3.6043, Test MAPE: 0.0477
