2026-01-25 02:40:17,340 - Namespace(device='cuda:0', dataset='RUTH', years='morning_speed', model_name='hl', seed=2026, bs=64, seq_len=12, horizon=12, input_dim=1, output_dim=1, mode='test', max_epochs=100, patience=30)
2026-01-25 02:40:18,254 - Data shape: (10367, 2453, 3)
2026-01-25 02:40:19,165 - Sample num: 6068, Batch num: 94
2026-01-25 02:40:20,071 - Sample num: 2024, Batch num: 31
2026-01-25 02:40:20,977 - Sample num: 2022, Batch num: 31
2026-01-25 02:40:22,582 - The number of parameters: 2
2026-01-25 02:40:23,587 - Horizon 1, Test MAE: 13.5581, Test RMSE: 21.8292, Test MAPE: 0.4097
2026-01-25 02:40:23,626 - Horizon 2, Test MAE: 17.6490, Test RMSE: 25.1804, Test MAPE: 0.5276
2026-01-25 02:40:23,666 - Horizon 3, Test MAE: 19.7018, Test RMSE: 26.7899, Test MAPE: 0.5832
2026-01-25 02:40:23,706 - Horizon 4, Test MAE: 20.7560, Test RMSE: 27.6244, Test MAPE: 0.6190
2026-01-25 02:40:23,746 - Horizon 5, Test MAE: 21.4708, Test RMSE: 28.1698, Test MAPE: 0.6277
2026-01-25 02:40:23,786 - Horizon 6, Test MAE: 21.8419, Test RMSE: 28.4567, Test MAPE: 0.6347
2026-01-25 02:40:23,826 - Horizon 7, Test MAE: 22.0971, Test RMSE: 28.6435, Test MAPE: 0.6393
2026-01-25 02:40:23,866 - Horizon 8, Test MAE: 22.1357, Test RMSE: 28.7131, Test MAPE: 0.6391
2026-01-25 02:40:23,905 - Horizon 9, Test MAE: 22.1682, Test RMSE: 28.7713, Test MAPE: 0.6357
2026-01-25 02:40:23,945 - Horizon 10, Test MAE: 22.1615, Test RMSE: 28.7813, Test MAPE: 0.6365
2026-01-25 02:40:23,985 - Horizon 11, Test MAE: 22.2270, Test RMSE: 28.8455, Test MAPE: 0.6374
2026-01-25 02:40:24,024 - Horizon 12, Test MAE: 22.1691, Test RMSE: 28.8390, Test MAPE: 0.6341
2026-01-25 02:40:24,025 - Average Test MAE: 20.6614, Test RMSE: 27.5537, Test MAPE: 0.6020
2026-01-27 17:05:41,417 - Namespace(device='cuda:0', dataset='RUTH', years='evening_speed', model_name='hl', seed=2026, bs=32, seq_len=12, horizon=12, input_dim=1, output_dim=1, mode='test', max_epochs=100, patience=30)
2026-01-27 17:05:42,327 - Data shape: (10205, 2453, 3)
2026-01-27 17:05:43,226 - Sample num: 5971, Batch num: 186
2026-01-27 17:05:44,127 - Sample num: 1990, Batch num: 62
2026-01-27 17:05:45,032 - Sample num: 1991, Batch num: 62
2026-01-27 17:05:46,629 - The number of parameters: 2
2026-01-27 17:05:47,412 - Horizon 1, Test MAE: 13.3841, Test RMSE: 21.6278, Test MAPE: 0.4048
2026-01-27 17:05:47,452 - Horizon 2, Test MAE: 17.2980, Test RMSE: 24.8529, Test MAPE: 0.5258
2026-01-27 17:05:47,500 - Horizon 3, Test MAE: 19.2311, Test RMSE: 26.3814, Test MAPE: 0.5819
2026-01-27 17:05:47,566 - Horizon 4, Test MAE: 20.2707, Test RMSE: 27.1959, Test MAPE: 0.6210
2026-01-27 17:05:47,631 - Horizon 5, Test MAE: 20.8871, Test RMSE: 27.6738, Test MAPE: 0.6642
2026-01-27 17:05:47,696 - Horizon 6, Test MAE: 21.2603, Test RMSE: 27.9772, Test MAPE: 0.6881
2026-01-27 17:05:47,745 - Horizon 7, Test MAE: 21.5085, Test RMSE: 28.1726, Test MAPE: 0.6340
2026-01-27 17:05:47,785 - Horizon 8, Test MAE: 21.5546, Test RMSE: 28.2427, Test MAPE: 0.6408
2026-01-27 17:05:47,825 - Horizon 9, Test MAE: 21.5054, Test RMSE: 28.2436, Test MAPE: 0.6262
2026-01-27 17:05:47,865 - Horizon 10, Test MAE: 21.3692, Test RMSE: 28.1717, Test MAPE: 0.6250
2026-01-27 17:05:47,905 - Horizon 11, Test MAE: 21.3637, Test RMSE: 28.1926, Test MAPE: 0.6310
2026-01-27 17:05:47,945 - Horizon 12, Test MAE: 21.3335, Test RMSE: 28.1734, Test MAPE: 0.6225
2026-01-27 17:05:47,945 - Average Test MAE: 20.0805, Test RMSE: 27.0755, Test MAPE: 0.6055
